<?xml version="1.0" encoding="UTF-8"?>
<!-- Generated by org.testng.reporters.JUnitReportReporter -->
<testsuite name="redbusData.RedbusMain" tests="1" time="20.199" ignored="0" failures="0" timestamp="27 Aug 2019 18:35:44 GMT" skipped="0" hostname="PAVILION" errors="0">
  <testcase name="test1" time="20.199" classname="redbusData.RedbusMain"/>
</testsuite> <!-- redbusData.RedbusMain -->
